Fri 17 Mar 2023 11:22:19 AM UTC: 
 exercises.c | 0
 1 file changed, 0 insertions(+), 0 deletions(-)
 tests:  0|7
total_score: 0/70
f33db7c
Fri 17 Mar 2023 11:28:14 AM UTC: 
 exercises.c | 19 ++++++++++++++++++-
 1 file changed, 18 insertions(+), 1 deletion(-)
 tests:  2|5
total_score: 20/70
fc1037f
Fri 17 Mar 2023 11:41:07 AM UTC: 
 exercises.c | 5 ++++-
 1 file changed, 4 insertions(+), 1 deletion(-)
In file included from test.c:5:
exercises.c: In function ‘crearPersona’:
exercises.c:68:11: error: passing argument 1 of ‘strcpy’ makes pointer from integer without a cast [-Werror=int-conversion]
   68 |   strcpy(p->edad,edad);
      |          ~^~~~~~
      |           |
      |           int
In file included from /nix/store/4pqv2mwdn88h7xvsm7a5zplrd8sxzvw0-glibc-2.35-163-dev/include/features.h:490,
                 from /nix/store/4pqv2mwdn88h7xvsm7a5zplrd8sxzvw0-glibc-2.35-163-dev/include/bits/libc-header-start.h:33,
                 from /nix/store/4pqv2mwdn88h7xvsm7a5zplrd8sxzvw0-glibc-2.35-163-dev/include/stdio.h:27,
                 from test.c:1:
/nix/store/4pqv2mwdn88h7xvsm7a5zplrd8sxzvw0-glibc-2.35-163-dev/include/bits/string_fortified.h:77:1: note: expected ‘char * restrict’ but argument is of type ‘int’
   77 | __NTH (strcpy (char *__restrict __dest, const char *__restrict __src))
      | ^~~~~
In file included from test.c:5:
exercises.c:68:18: error: passing argument 2 of ‘strcpy’ makes pointer from integer without a cast [-Werror=int-conversion]
   68 |   strcpy(p->edad,edad);
      |                  ^~~~
      |                  |
      |                  int
In file included from /nix/store/4pqv2mwdn88h7xvsm7a5zplrd8sxzvw0-glibc-2.35-163-dev/include/features.h:490,
                 from /nix/store/4pqv2mwdn88h7xvsm7a5zplrd8sxzvw0-glibc-2.35-163-dev/include/bits/libc-header-start.h:33,
                 from /nix/store/4pqv2mwdn88h7xvsm7a5zplrd8sxzvw0-glibc-2.35-163-dev/include/stdio.h:27,
                 from test.c:1:
/nix/store/4pqv2mwdn88h7xvsm7a5zplrd8sxzvw0-glibc-2.35-163-dev/include/bits/string_fortified.h:77:1: note: expected ‘const char * restrict’ but argument is of type ‘int’
   77 | __NTH (strcpy (char *__restrict __dest, const char *__restrict __src))
      | ^~~~~
cc1: all warnings being treated as errors
Compilation failed
5197903
Fri 17 Mar 2023 11:41:27 AM UTC: 
 exercises.c | 2 +-
 1 file changed, 1 insertion(+), 1 deletion(-)
 tests:  3|4
total_score: 30/70
7405efd
Fri 17 Mar 2023 11:42:51 AM UTC: 
 exercises.c | 4 ++++
 1 file changed, 4 insertions(+)
In file included from test.c:5:
exercises.c: In function ‘crearVector’:
exercises.c:87:11: error: unused variable ‘temp’ [-Werror=unused-variable]
   87 |   Vector *temp = calloc(n,sizeof(Vector));
      |           ^~~~
cc1: all warnings being treated as errors
Compilation failed
49be094
Fri 17 Mar 2023 11:43:07 AM UTC: 
 exercises.c | 2 +-
 1 file changed, 1 insertion(+), 1 deletion(-)
 tests:  3|4
total_score: 30/70
fb958c9
Fri 17 Mar 2023 11:51:50 AM UTC: 
 exercises.c | 5 +++--
 1 file changed, 3 insertions(+), 2 deletions(-)
In file included from test.c:5:
exercises.c: In function ‘crearVector’:
exercises.c:87:18: error: too many arguments to function ‘malloc’
   87 |   Vector *temp = malloc(n,sizeof(Vector));
      |                  ^~~~~~
In file included from test.c:2:
/nix/store/4pqv2mwdn88h7xvsm7a5zplrd8sxzvw0-glibc-2.35-163-dev/include/stdlib.h:540:14: note: declared here
  540 | extern void *malloc (size_t __size) __THROW __attribute_malloc__
      |              ^~~~~~
In file included from test.c:5:
exercises.c: In function ‘sumaV’:
exercises.c:122:19: error: expected expression before ‘)’ token
  122 |   for(short i = 0;)
      |                   ^
exercises.c:124:1: error: expected expression before ‘}’ token
  124 | }
      | ^
exercises.c:122:13: error: unused variable ‘i’ [-Werror=unused-variable]
  122 |   for(short i = 0;)
      |             ^
cc1: all warnings being treated as errors
Compilation failed
c68945e
Fri 17 Mar 2023 11:52:01 AM UTC: 
 exercises.c | 1 -
 1 file changed, 1 deletion(-)
In file included from test.c:5:
exercises.c: In function ‘crearVector’:
exercises.c:87:18: error: too many arguments to function ‘malloc’
   87 |   Vector *temp = malloc(n,sizeof(Vector));
      |                  ^~~~~~
In file included from test.c:2:
/nix/store/4pqv2mwdn88h7xvsm7a5zplrd8sxzvw0-glibc-2.35-163-dev/include/stdlib.h:540:14: note: declared here
  540 | extern void *malloc (size_t __size) __THROW __attribute_malloc__
      |              ^~~~~~
Compilation failed
8a28752
Fri 17 Mar 2023 11:52:48 AM UTC: 
 exercises.c | 4 ++--
 1 file changed, 2 insertions(+), 2 deletions(-)
In file included from test.c:5:
exercises.c: In function ‘crearVector’:
exercises.c:90:4: error: expected ‘(’ before ‘return’
   90 |    return temp;
      |    ^~~~~~
      |    (
exercises.c:91:1: error: control reaches end of non-void function [-Werror=return-type]
   91 | }
      | ^
cc1: all warnings being treated as errors
Compilation failed
62873a0
Fri 17 Mar 2023 11:53:26 AM UTC: 
 exercises.c | 2 +-
 1 file changed, 1 insertion(+), 1 deletion(-)
In file included from test.c:5:
exercises.c: In function ‘crearVector’:
exercises.c:88:6: error: ‘vector’ undeclared (first use in this function); did you mean ‘Vector’?
   88 |   if(vector == NULL) EXIT_FAILURE;
      |      ^~~~~~
      |      Vector
exercises.c:88:6: note: each undeclared identifier is reported only once for each function it appears in
Compilation failed
3862caf
Fri 17 Mar 2023 11:53:34 AM UTC: 
 exercises.c | 2 +-
 1 file changed, 1 insertion(+), 1 deletion(-)
In file included from test.c:5:
exercises.c: In function ‘crearVector’:
exercises.c:87:18: error: too many arguments to function ‘malloc’
   87 |   Vector *temp = malloc(n,sizeof(Vector));
      |                  ^~~~~~
In file included from test.c:2:
/nix/store/4pqv2mwdn88h7xvsm7a5zplrd8sxzvw0-glibc-2.35-163-dev/include/stdlib.h:540:14: note: declared here
  540 | extern void *malloc (size_t __size) __THROW __attribute_malloc__
      |              ^~~~~~
In file included from test.c:5:
exercises.c:88:6: error: ‘vector’ undeclared (first use in this function); did you mean ‘Vector’?
   88 |   if(vector == NULL) EXIT_FAILURE;
      |      ^~~~~~
      |      Vector
exercises.c:88:6: note: each undeclared identifier is reported only once for each function it appears in
Compilation failed
989d99f
Fri 17 Mar 2023 11:53:41 AM UTC: 
 exercises.c | 2 +-
 1 file changed, 1 insertion(+), 1 deletion(-)
In file included from test.c:5:
exercises.c: In function ‘crearVector’:
exercises.c:88:6: error: ‘vector’ undeclared (first use in this function); did you mean ‘Vector’?
   88 |   if(vector == NULL) EXIT_FAILURE;
      |      ^~~~~~
      |      Vector
exercises.c:88:6: note: each undeclared identifier is reported only once for each function it appears in
Compilation failed
92d642b
Fri 17 Mar 2023 11:53:50 AM UTC: 
 exercises.c | 2 +-
 1 file changed, 1 insertion(+), 1 deletion(-)
In file included from test.c:5:
exercises.c: In function ‘crearVector’:
exercises.c:88:12: error: invalid operands to binary == (have ‘Vector’ and ‘void *’)
   88 |   if(*temp == NULL) EXIT_FAILURE;
      |      ~~~~~ ^~
      |      |
      |      Vector
Compilation failed
7d9e715
Fri 17 Mar 2023 11:54:00 AM UTC: 
 exercises.c | 2 +-
 1 file changed, 1 insertion(+), 1 deletion(-)
In file included from test.c:5:
exercises.c: In function ‘crearVector’:
exercises.c:88:19: error: comparison between pointer and integer [-Werror]
   88 |   if(*temp->datos == NULL) EXIT_FAILURE;
      |                   ^~
exercises.c:88:11: error: ‘*temp.datos’ is used uninitialized [-Werror=uninitialized]
   88 |   if(*temp->datos == NULL) EXIT_FAILURE;
      |       ~~~~^~~~~~~
cc1: all warnings being treated as errors
Compilation failed
4008821
Fri 17 Mar 2023 11:54:13 AM UTC: 
 exercises.c | 2 +-
 1 file changed, 1 insertion(+), 1 deletion(-)
In file included from test.c:5:
exercises.c: In function ‘crearVector’:
exercises.c:87:15: error: expected ‘=’, ‘,’, ‘;’, ‘asm’ or ‘__attribute__’ before ‘->’ token
   87 |   Vector *temp->datos = malloc(n*sizeof(Vector));
      |               ^~
exercises.c:87:15: error: expected expression before ‘->’ token
exercises.c:88:7: error: ‘temp’ undeclared (first use in this function)
   88 |   if(*temp->datos == NULL) EXIT_FAILURE;
      |       ^~~~
exercises.c:88:7: note: each undeclared identifier is reported only once for each function it appears in
exercises.c:91:1: error: control reaches end of non-void function [-Werror=return-type]
   91 | }
      | ^
cc1: all warnings being treated as errors
Compilation failed
21b6a44
Fri 17 Mar 2023 11:54:54 AM UTC: 
 exercises.c | 3 ++-
 1 file changed, 2 insertions(+), 1 deletion(-)
In file included from test.c:5:
exercises.c: In function ‘crearVector’:
exercises.c:88:15: error: expected ‘=’, ‘,’, ‘;’, ‘asm’ or ‘__attribute__’ before ‘->’ token
   88 |   Vector *temp->datos = (Vector*)malloc(n*sizeof(Vector));
      |               ^~
exercises.c:88:15: error: expected expression before ‘->’ token
exercises.c:89:7: error: ‘temp’ undeclared (first use in this function)
   89 |   if(*temp->datos == NULL) EXIT_FAILURE;
      |       ^~~~
exercises.c:89:7: note: each undeclared identifier is reported only once for each function it appears in
exercises.c:92:1: error: control reaches end of non-void function [-Werror=return-type]
   92 | }
      | ^
cc1: all warnings being treated as errors
Compilation failed
1452501
Fri 17 Mar 2023 11:55:10 AM UTC: 
 exercises.c | 2 +-
 1 file changed, 1 insertion(+), 1 deletion(-)
In file included from test.c:5:
exercises.c: In function ‘crearVector’:
exercises.c:88:15: error: expected ‘=’, ‘,’, ‘;’, ‘asm’ or ‘__attribute__’ before ‘->’ token
   88 |   Vector *temp->datos = (Vector*)malloc(n*sizeof(Vector));
      |               ^~
exercises.c:88:15: error: expected expression before ‘->’ token
exercises.c:89:7: error: ‘temp’ undeclared (first use in this function)
   89 |   if(*temp->datos == NULL) exit(1);
      |       ^~~~
exercises.c:89:7: note: each undeclared identifier is reported only once for each function it appears in
exercises.c:92:1: error: control reaches end of non-void function [-Werror=return-type]
   92 | }
      | ^
cc1: all warnings being treated as errors
Compilation failed
2008b84
Fri 17 Mar 2023 11:55:16 AM UTC: 
 exercises.c | 2 +-
 1 file changed, 1 insertion(+), 1 deletion(-)
In file included from test.c:5:
exercises.c: In function ‘crearVector’:
exercises.c:88:15: error: expected ‘=’, ‘,’, ‘;’, ‘asm’ or ‘__attribute__’ before ‘->’ token
   88 |   Vector *temp->datos = (Vector*)malloc(n*sizeof(Vector));
      |               ^~
exercises.c:88:15: error: expected expression before ‘->’ token
exercises.c:89:7: error: ‘temp’ undeclared (first use in this function)
   89 |   if(*temp == NULL) exit(1);
      |       ^~~~
exercises.c:89:7: note: each undeclared identifier is reported only once for each function it appears in
exercises.c:92:1: error: control reaches end of non-void function [-Werror=return-type]
   92 | }
      | ^
cc1: all warnings being treated as errors
Compilation failed
154ba3b
Fri 17 Mar 2023 11:55:24 AM UTC: 
 exercises.c | 3 ++-
 1 file changed, 2 insertions(+), 1 deletion(-)
In file included from test.c:5:
exercises.c: In function ‘crearVector’:
exercises.c:88:15: error: expected ‘=’, ‘,’, ‘;’, ‘asm’ or ‘__attribute__’ before ‘->’ token
   88 |   Vector *temp->datos = (Vector*)malloc(sizeof(Vector));
      |               ^~
exercises.c:88:15: error: expected expression before ‘->’ token
exercises.c:90:7: error: ‘temp’ undeclared (first use in this function)
   90 |   if(*temp == NULL) exit(1);
      |       ^~~~
exercises.c:90:7: note: each undeclared identifier is reported only once for each function it appears in
exercises.c:93:1: error: control reaches end of non-void function [-Werror=return-type]
   93 | }
      | ^
cc1: all warnings being treated as errors
Compilation failed
d4097df
Fri 17 Mar 2023 11:55:31 AM UTC: 
 exercises.c | 2 +-
 1 file changed, 1 insertion(+), 1 deletion(-)
In file included from test.c:5:
exercises.c: In function ‘crearVector’:
exercises.c:90:12: error: invalid operands to binary == (have ‘Vector’ and ‘void *’)
   90 |   if(*temp == NULL) exit(1);
      |      ~~~~~ ^~
      |      |
      |      Vector
Compilation failed
5f7ca62
Fri 17 Mar 2023 11:55:37 AM UTC: 
 exercises.c | 2 +-
 1 file changed, 1 insertion(+), 1 deletion(-)
 tests:  3|4
total_score: 30/70
fa4fe18
Fri 17 Mar 2023 11:56:16 AM UTC: 
 exercises.c | 2 +-
 1 file changed, 1 insertion(+), 1 deletion(-)
In file included from test.c:5:
exercises.c: In function ‘crearVector’:
exercises.c:88:34: error: invalid operands to binary * (have ‘Vector *’ and ‘long unsigned int’)
   88 |   Vector *temp = (Vector*) malloc*(n*sizeof(Vector));
      |                  ~~~~~~~~~~~~~~~~^~~~~~~~~~~~~~~~~~~
      |                  |                  |
      |                  Vector *           long unsigned int
Compilation failed
2146c5e
Fri 17 Mar 2023 11:56:23 AM UTC: 
 exercises.c | 2 +-
 1 file changed, 1 insertion(+), 1 deletion(-)
 tests:  3|4
total_score: 30/70
88698ac
Fri 17 Mar 2023 11:56:42 AM UTC: 
 exercises.c | 2 +-
 1 file changed, 1 insertion(+), 1 deletion(-)
 tests:  3|4
total_score: 30/70
5a62db6
Fri 17 Mar 2023 11:57:40 AM UTC: 
 exercises.c | 3 ++-
 1 file changed, 2 insertions(+), 1 deletion(-)
In file included from test.c:5:
exercises.c: In function ‘crearVector’:
exercises.c:88:33: error: expected expression before ‘Vector’
   88 |   Vector *temp = malloc(sizeof(*Vector));
      |                                 ^~~~~~
Compilation failed
2f10417
Fri 17 Mar 2023 11:58:04 AM UTC: 
 exercises.c | 2 +-
 1 file changed, 1 insertion(+), 1 deletion(-)
 tests:  3|4
total_score: 30/70
add6c4d
Fri 17 Mar 2023 11:58:22 AM UTC: 
 exercises.c | 2 +-
 1 file changed, 1 insertion(+), 1 deletion(-)
 tests:  3|4
total_score: 30/70
e51a555
Fri 17 Mar 2023 12:01:05 PM UTC: 
 exercises.c | 2 +-
 1 file changed, 1 insertion(+), 1 deletion(-)
In file included from test.c:5:
exercises.c: In function ‘crearVector’:
exercises.c:88:33: error: left-hand operand of comma expression has no effect [-Werror=unused-value]
   88 |   Vector *temp = calloc(sizeof(n,sizeof(*temp));
      |                                 ^
exercises.c:88:48: error: expected ‘)’ before ‘;’ token
   88 |   Vector *temp = calloc(sizeof(n,sizeof(*temp));
      |                        ~                       ^
      |                                                )
exercises.c:88:18: error: too few arguments to function ‘calloc’
   88 |   Vector *temp = calloc(sizeof(n,sizeof(*temp));
      |                  ^~~~~~
In file included from test.c:2:
/nix/store/4pqv2mwdn88h7xvsm7a5zplrd8sxzvw0-glibc-2.35-163-dev/include/stdlib.h:543:14: note: declared here
  543 | extern void *calloc (size_t __nmemb, size_t __size)
      |              ^~~~~~
In file included from test.c:5:
exercises.c:94:1: error: expected ‘,’ or ‘;’ before ‘}’ token
   94 | }
      | ^
test.c:251:5: error: ‘main’ is normally a non-static function [-Werror=main]
  251 | int main( int argc, char *argv[] ) {
      |     ^~~~
test.c:271:1: error: expected declaration or statement at end of input
  271 | }
      | ^
test.c:272: error: control reaches end of non-void function [-Werror=return-type]
At top level:
test.c:251:5: error: ‘main’ defined but not used [-Werror=unused-function]
  251 | int main( int argc, char *argv[] ) {
      |     ^~~~
cc1: all warnings being treated as errors
Compilation failed
542cf1b
Fri 17 Mar 2023 12:01:19 PM UTC: 
 exercises.c | 2 +-
 1 file changed, 1 insertion(+), 1 deletion(-)
In file included from test.c:5:
exercises.c: In function ‘crearVector’:
exercises.c:88:33: error: left-hand operand of comma expression has no effect [-Werror=unused-value]
   88 |   Vector *temp = calloc(sizeof(n,sizeof(Vector));
      |                                 ^
exercises.c:88:49: error: expected ‘)’ before ‘;’ token
   88 |   Vector *temp = calloc(sizeof(n,sizeof(Vector));
      |                        ~                        ^
      |                                                 )
exercises.c:88:18: error: too few arguments to function ‘calloc’
   88 |   Vector *temp = calloc(sizeof(n,sizeof(Vector));
      |                  ^~~~~~
In file included from test.c:2:
/nix/store/4pqv2mwdn88h7xvsm7a5zplrd8sxzvw0-glibc-2.35-163-dev/include/stdlib.h:543:14: note: declared here
  543 | extern void *calloc (size_t __nmemb, size_t __size)
      |              ^~~~~~
In file included from test.c:5:
exercises.c:94:1: error: expected ‘,’ or ‘;’ before ‘}’ token
   94 | }
      | ^
test.c:251:5: error: ‘main’ is normally a non-static function [-Werror=main]
  251 | int main( int argc, char *argv[] ) {
      |     ^~~~
test.c:271:1: error: expected declaration or statement at end of input
  271 | }
      | ^
In file included from test.c:5:
exercises.c:88:11: error: unused variable ‘temp’ [-Werror=unused-variable]
   88 |   Vector *temp = calloc(sizeof(n,sizeof(Vector));
      |           ^~~~
test.c:272: error: control reaches end of non-void function [-Werror=return-type]
At top level:
test.c:251:5: error: ‘main’ defined but not used [-Werror=unused-function]
  251 | int main( int argc, char *argv[] ) {
      |     ^~~~
cc1: all warnings being treated as errors
Compilation failed
cd0ed19
Fri 17 Mar 2023 12:03:33 PM UTC: 
 exercises.c | 6 +++---
 1 file changed, 3 insertions(+), 3 deletions(-)
 tests:  4|3
total_score: 40/70
2a15c44
Fri 17 Mar 2023 12:06:22 PM UTC: 
 exercises.c | 2 +-
 1 file changed, 1 insertion(+), 1 deletion(-)
In file included from test.c:5:
exercises.c: In function ‘asignarValor’:
exercises.c:103:1: error: invalid type argument of unary ‘*’ (have ‘Vector’)
  103 | *v[i] = valor;
      | ^~~~~
Compilation failed
722518b
Fri 17 Mar 2023 12:07:43 PM UTC: 
 exercises.c | 3 ++-
 1 file changed, 2 insertions(+), 1 deletion(-)
In file included from test.c:5:
exercises.c: In function ‘asignarValor’:
exercises.c:104:3: error: ‘vector’ undeclared (first use in this function); did you mean ‘Vector’?
  104 |   vector[i]->datos = valor;
      |   ^~~~~~
      |   Vector
exercises.c:104:3: note: each undeclared identifier is reported only once for each function it appears in
Compilation failed
a055aa8
Fri 17 Mar 2023 12:07:49 PM UTC: 
 exercises.c | 2 +-
 1 file changed, 1 insertion(+), 1 deletion(-)
In file included from test.c:5:
exercises.c: In function ‘asignarValor’:
exercises.c:104:7: error: invalid type argument of ‘->’ (have ‘Vector’)
  104 |   v[i]->datos = valor;
      |       ^~
Compilation failed
e0e3352
Fri 17 Mar 2023 12:08:04 PM UTC: 
 exercises.c | 2 +-
 1 file changed, 1 insertion(+), 1 deletion(-)
In file included from test.c:5:
exercises.c: In function ‘asignarValor’:
exercises.c:104:14: error: assignment to ‘int *’ from ‘int’ makes pointer from integer without a cast [-Werror=int-conversion]
  104 |   v[i].datos = valor;
      |              ^
cc1: all warnings being treated as errors
Compilation failed
6a90e26
Fri 17 Mar 2023 12:08:19 PM UTC: 
 exercises.c | 2 +-
 1 file changed, 1 insertion(+), 1 deletion(-)
 tests:  4|3
total_score: 40/70
b2d530f
Fri 17 Mar 2023 12:08:44 PM UTC: 
 exercises.c | 2 +-
 1 file changed, 1 insertion(+), 1 deletion(-)
In file included from test.c:5:
exercises.c: In function ‘asignarValor’:
exercises.c:104:17: error: invalid type argument of unary ‘*’ (have ‘int’)
  104 |   v->datos[i] = *valor;
      |                 ^~~~~~
Compilation failed
72245b8
Fri 17 Mar 2023 12:08:51 PM UTC: 
 exercises.c | 2 +-
 1 file changed, 1 insertion(+), 1 deletion(-)
In file included from test.c:5:
exercises.c: In function ‘asignarValor’:
exercises.c:104:15: error: assignment to ‘int’ from ‘int *’ makes integer from pointer without a cast [-Werror=int-conversion]
  104 |   v->datos[i] = &valor;
      |               ^
cc1: all warnings being treated as errors
Compilation failed
e7f2c44
Fri 17 Mar 2023 12:09:05 PM UTC: 
 exercises.c | 2 +-
 1 file changed, 1 insertion(+), 1 deletion(-)
 tests:  4|3
total_score: 40/70
1a3be79
Fri 17 Mar 2023 12:10:50 PM UTC: 
 exercises.c | 2 +-
 1 file changed, 1 insertion(+), 1 deletion(-)
 tests:  6|2
total_score: 50/70
d488b45
Fri 17 Mar 2023 12:14:40 PM UTC: 
 exercises.c | 6 +++++-
 1 file changed, 5 insertions(+), 1 deletion(-)
 tests:  7|1
total_score: 60/70
b8f3cfb
Fri 17 Mar 2023 12:17:26 PM UTC: 
 exercises.c | 6 +++++-
 1 file changed, 5 insertions(+), 1 deletion(-)
 tests:  7|1
total_score: 60/70
0c19566
Fri 17 Mar 2023 12:18:02 PM UTC: 
 exercises.c | 2 +-
 1 file changed, 1 insertion(+), 1 deletion(-)
 tests:  7|1
total_score: 60/70
320c024
Fri 17 Mar 2023 12:18:43 PM UTC: 
 exercises.c | 3 ++-
 1 file changed, 2 insertions(+), 1 deletion(-)
 tests:  7|1
total_score: 60/70
4575b38
Fri 17 Mar 2023 12:19:31 PM UTC: 
 exercises.c | 6 ++----
 1 file changed, 2 insertions(+), 4 deletions(-)
 tests:  7|1
total_score: 60/70
bc7b990
Fri 17 Mar 2023 12:19:45 PM UTC: 
 exercises.c | 4 +---
 1 file changed, 1 insertion(+), 3 deletions(-)
 tests:  7|1
total_score: 60/70
81347e0
Fri 17 Mar 2023 12:24:00 PM UTC: 
 exercises.c | 8 ++++++--
 1 file changed, 6 insertions(+), 2 deletions(-)
 tests:  7|1
total_score: 60/70
25490d5
